# JRE version: Java(TM) SE Runtime Environment (23.0.1+11) (build 23.0.1+11-39)
# Java VM: Java HotSpot(TM) 64-Bit Server VM (23.0.1+11-39, mixed mode, sharing, tiered, compressed oops, compressed class ptrs, g1 gc, windows-amd64)
GC Precious Log:
 CardTable entry size: 512
 Card Set container configuration: InlinePtr #cards 4 size 8 Array Of Cards #cards 32 size 80 Howl #buckets 8 coarsen threshold 7372 Howl Bitmap #cards 1024 size 144 coarsen threshold 921 Card regions per heap region 1 cards per card region 8192
 CPUs: 8 total, 8 available
 Memory: 20327M
 Large Page Support: Disabled
 NUMA Support: Disabled
 Compressed Oops: Enabled (Zero based)
 Heap Region Size: 4M
 Heap Min Capacity: 8M
 Heap Initial Capacity: 320M
 Heap Max Capacity: 5084M
 Pre-touch: Disabled
 Parallel Workers: 8
 Concurrent Workers: 2
 Concurrent Refinement Workers: 8
 Periodic GC: Disabled
Heap:
 garbage-first heap   total reserved 5206016K, committed 192512K, used 88313K [0x00000006c2400000, 0x0000000800000000)
  region size 4096K, 18 young (73728K), 1 survivors (4096K)
 Metaspace       used 53657K, committed 54400K, reserved 1114112K
  class space    used 7143K, committed 7488K, reserved 1048576K
GC Heap History (20 events):
Event: 0.631 GC heap before
{Heap before GC invocations=0 (full 0):
 garbage-first heap   total reserved 5206016K, committed 327680K, used 20480K [0x00000006c2400000, 0x0000000800000000)
  region size 4096K, 6 young (24576K), 0 survivors (0K)
 Metaspace       used 5751K, committed 5952K, reserved 1114112K
  class space    used 683K, committed 768K, reserved 1048576K
}
Event: 0.635 GC heap after
{Heap after GC invocations=1 (full 0):
 garbage-first heap   total reserved 5206016K, committed 327680K, used 6674K [0x00000006c2400000, 0x0000000800000000)
  region size 4096K, 1 young (4096K), 1 survivors (4096K)
 Metaspace       used 5751K, committed 5952K, reserved 1114112K
  class space    used 683K, committed 768K, reserved 1048576K
}
Event: 2.053 GC heap before
{Heap before GC invocations=1 (full 0):
 garbage-first heap   total reserved 5206016K, committed 327680K, used 27154K [0x00000006c2400000, 0x0000000800000000)
  region size 4096K, 6 young (24576K), 1 survivors (4096K)
 Metaspace       used 11023K, committed 11328K, reserved 1114112K
  class space    used 1418K, committed 1536K, reserved 1048576K
}
Event: 2.057 GC heap after
{Heap after GC invocations=2 (full 0):
 garbage-first heap   total reserved 5206016K, committed 327680K, used 8549K [0x00000006c2400000, 0x0000000800000000)
  region size 4096K, 1 young (4096K), 1 survivors (4096K)
 Metaspace       used 11023K, committed 11328K, reserved 1114112K
  class space    used 1418K, committed 1536K, reserved 1048576K
}
Event: 2.857 GC heap before
{Heap before GC invocations=2 (full 0):
 garbage-first heap   total reserved 5206016K, committed 327680K, used 61797K [0x00000006c2400000, 0x0000000800000000)
  region size 4096K, 15 young (61440K), 1 survivors (4096K)
 Metaspace       used 21237K, committed 21504K, reserved 1114112K
  class space    used 2721K, committed 2816K, reserved 1048576K
}
Event: 2.863 GC heap after
{Heap after GC invocations=3 (full 0):
 garbage-first heap   total reserved 5206016K, committed 327680K, used 12627K [0x00000006c2400000, 0x0000000800000000)
  region size 4096K, 2 young (8192K), 2 survivors (8192K)
 Metaspace       used 21237K, committed 21504K, reserved 1114112K
  class space    used 2721K, committed 2816K, reserved 1048576K
}
Event: 3.465 GC heap before
{Heap before GC invocations=4 (full 0):
 garbage-first heap   total reserved 5206016K, committed 57344K, used 37203K [0x00000006c2400000, 0x0000000800000000)
  region size 4096K, 8 young (32768K), 2 survivors (8192K)
 Metaspace       used 24983K, committed 25408K, reserved 1114112K
  class space    used 3279K, committed 3456K, reserved 1048576K
}
Event: 3.472 GC heap after
{Heap after GC invocations=5 (full 0):
 garbage-first heap   total reserved 5206016K, committed 57344K, used 15086K [0x00000006c2400000, 0x0000000800000000)
  region size 4096K, 1 young (4096K), 1 survivors (4096K)
 Metaspace       used 24983K, committed 25408K, reserved 1114112K
  class space    used 3279K, committed 3456K, reserved 1048576K
}
Event: 3.912 GC heap before
{Heap before GC invocations=5 (full 0):
 garbage-first heap   total reserved 5206016K, committed 57344K, used 31470K [0x00000006c2400000, 0x0000000800000000)
  region size 4096K, 6 young (24576K), 1 survivors (4096K)
 Metaspace       used 29554K, committed 30016K, reserved 1114112K
  class space    used 3918K, committed 4160K, reserved 1048576K
}
Event: 3.918 GC heap after
{Heap after GC invocations=6 (full 0):
 garbage-first heap   total reserved 5206016K, committed 57344K, used 16785K [0x00000006c2400000, 0x0000000800000000)
  region size 4096K, 1 young (4096K), 1 survivors (4096K)
 Metaspace       used 29554K, committed 30016K, reserved 1114112K
  class space    used 3918K, committed 4160K, reserved 1048576K
}
Event: 6.888 GC heap before
{Heap before GC invocations=6 (full 0):
 garbage-first heap   total reserved 5206016K, committed 57344K, used 41361K [0x00000006c2400000, 0x0000000800000000)
  region size 4096K, 7 young (28672K), 1 survivors (4096K)
 Metaspace       used 33166K, committed 33664K, reserved 1114112K
  class space    used 4457K, committed 4672K, reserved 1048576K
}
Event: 6.898 GC heap after
{Heap after GC invocations=7 (full 0):
 garbage-first heap   total reserved 5206016K, committed 57344K, used 18233K [0x00000006c2400000, 0x0000000800000000)
  region size 4096K, 1 young (4096K), 1 survivors (4096K)
 Metaspace       used 33166K, committed 33664K, reserved 1114112K
  class space    used 4457K, committed 4672K, reserved 1048576K
}
Event: 8.625 GC heap before
{Heap before GC invocations=7 (full 0):
 garbage-first heap   total reserved 5206016K, committed 57344K, used 34617K [0x00000006c2400000, 0x0000000800000000)
  region size 4096K, 6 young (24576K), 1 survivors (4096K)
 Metaspace       used 35540K, committed 36096K, reserved 1114112K
  class space    used 4825K, committed 5120K, reserved 1048576K
}
Event: 8.641 GC heap after
{Heap after GC invocations=8 (full 0):
 garbage-first heap   total reserved 5206016K, committed 57344K, used 19853K [0x00000006c2400000, 0x0000000800000000)
  region size 4096K, 1 young (4096K), 1 survivors (4096K)
 Metaspace       used 35540K, committed 36096K, reserved 1114112K
  class space    used 4825K, committed 5120K, reserved 1048576K
}
Event: 9.490 GC heap before
{Heap before GC invocations=9 (full 0):
 garbage-first heap   total reserved 5206016K, committed 57344K, used 40333K [0x00000006c2400000, 0x0000000800000000)
  region size 4096K, 6 young (24576K), 1 survivors (4096K)
 Metaspace       used 40493K, committed 41088K, reserved 1114112K
  class space    used 5433K, committed 5696K, reserved 1048576K
}
Event: 9.510 GC heap after
{Heap after GC invocations=10 (full 0):
 garbage-first heap   total reserved 5206016K, committed 57344K, used 22447K [0x00000006c2400000, 0x0000000800000000)
  region size 4096K, 1 young (4096K), 1 survivors (4096K)
 Metaspace       used 40493K, committed 41088K, reserved 1114112K
  class space    used 5433K, committed 5696K, reserved 1048576K
}
Event: 10.320 GC heap before
{Heap before GC invocations=10 (full 0):
 garbage-first heap   total reserved 5206016K, committed 57344K, used 42927K [0x00000006c2400000, 0x0000000800000000)
  region size 4096K, 6 young (24576K), 1 survivors (4096K)
 Metaspace       used 45302K, committed 45888K, reserved 1114112K
  class space    used 6138K, committed 6400K, reserved 1048576K
}
Event: 10.343 GC heap after
{Heap after GC invocations=11 (full 0):
 garbage-first heap   total reserved 5206016K, committed 57344K, used 24814K [0x00000006c2400000, 0x0000000800000000)
  region size 4096K, 1 young (4096K), 1 survivors (4096K)
 Metaspace       used 45302K, committed 45888K, reserved 1114112K
  class space    used 6138K, committed 6400K, reserved 1048576K
}
Event: 19.989 GC heap before
{Heap before GC invocations=11 (full 0):
 garbage-first heap   total reserved 5206016K, committed 57344K, used 45294K [0x00000006c2400000, 0x0000000800000000)
  region size 4096K, 6 young (24576K), 1 survivors (4096K)
 Metaspace       used 50173K, committed 50816K, reserved 1114112K
  class space    used 6833K, committed 7104K, reserved 1048576K
}
Event: 19.999 GC heap after
{Heap after GC invocations=12 (full 0):
 garbage-first heap   total reserved 5206016K, committed 192512K, used 26873K [0x00000006c2400000, 0x0000000800000000)
  region size 4096K, 1 young (4096K), 1 survivors (4096K)
 Metaspace       used 50173K, committed 50816K, reserved 1114112K
  class space    used 6833K, committed 7104K, reserved 1048576K
}

